<?xml version="1.0" encoding="UTF-8"?>
<testsuite xmlns:xsi="http://www.w3.org/2001/XMLSchema-instance" xsi:noNamespaceSchemaLocation="https://maven.apache.org/surefire/maven-surefire-plugin/xsd/surefire-test-report.xsd" name="co.com.bancodebogota.auth.utils.DateUtilsTest" time="0.07" tests="1" errors="0" skipped="0" failures="0">
  <properties>
    <property name="awt.toolkit" value="sun.awt.X11.XToolkit"/>
    <property name="file.encoding.pkg" value="sun.io"/>
    <property name="java.specification.version" value="1.8"/>
    <property name="sun.cpu.isalist" value=""/>
    <property name="sun.jnu.encoding" value="UTF-8"/>
    <property name="java.class.path" value="/home/jveland/git/DDTGA-ADPE-AUTH-MANAGER/target/test-classes:/home/jveland/git/DDTGA-ADPE-AUTH-MANAGER/target/classes:/home/jveland/.m2/repository/org/springframework/boot/spring-boot-starter-web/2.1.3.RELEASE/spring-boot-starter-web-2.1.3.RELEASE.jar:/home/jveland/.m2/repository/org/springframework/boot/spring-boot-starter/2.1.3.RELEASE/spring-boot-starter-2.1.3.RELEASE.jar:/home/jveland/.m2/repository/org/springframework/boot/spring-boot/2.1.3.RELEASE/spring-boot-2.1.3.RELEASE.jar:/home/jveland/.m2/repository/org/springframework/boot/spring-boot-autoconfigure/2.1.3.RELEASE/spring-boot-autoconfigure-2.1.3.RELEASE.jar:/home/jveland/.m2/repository/org/springframework/boot/spring-boot-starter-logging/2.1.3.RELEASE/spring-boot-starter-logging-2.1.3.RELEASE.jar:/home/jveland/.m2/repository/ch/qos/logback/logback-classic/1.2.3/logback-classic-1.2.3.jar:/home/jveland/.m2/repository/ch/qos/logback/logback-core/1.2.3/logback-core-1.2.3.jar:/home/jveland/.m2/repository/org/apache/logging/log4j/log4j-to-slf4j/2.11.2/log4j-to-slf4j-2.11.2.jar:/home/jveland/.m2/repository/org/apache/logging/log4j/log4j-api/2.11.2/log4j-api-2.11.2.jar:/home/jveland/.m2/repository/org/slf4j/jul-to-slf4j/1.7.25/jul-to-slf4j-1.7.25.jar:/home/jveland/.m2/repository/javax/annotation/javax.annotation-api/1.3.2/javax.annotation-api-1.3.2.jar:/home/jveland/.m2/repository/org/yaml/snakeyaml/1.23/snakeyaml-1.23.jar:/home/jveland/.m2/repository/org/springframework/boot/spring-boot-starter-json/2.1.3.RELEASE/spring-boot-starter-json-2.1.3.RELEASE.jar:/home/jveland/.m2/repository/com/fasterxml/jackson/datatype/jackson-datatype-jdk8/2.9.8/jackson-datatype-jdk8-2.9.8.jar:/home/jveland/.m2/repository/com/fasterxml/jackson/datatype/jackson-datatype-jsr310/2.9.8/jackson-datatype-jsr310-2.9.8.jar:/home/jveland/.m2/repository/com/fasterxml/jackson/module/jackson-module-parameter-names/2.9.8/jackson-module-parameter-names-2.9.8.jar:/home/jveland/.m2/repository/org/springframework/boot/spring-boot-starter-tomcat/2.1.3.RELEASE/spring-boot-starter-tomcat-2.1.3.RELEASE.jar:/home/jveland/.m2/repository/org/apache/tomcat/embed/tomcat-embed-core/9.0.16/tomcat-embed-core-9.0.16.jar:/home/jveland/.m2/repository/org/apache/tomcat/embed/tomcat-embed-el/9.0.16/tomcat-embed-el-9.0.16.jar:/home/jveland/.m2/repository/org/apache/tomcat/embed/tomcat-embed-websocket/9.0.16/tomcat-embed-websocket-9.0.16.jar:/home/jveland/.m2/repository/org/hibernate/validator/hibernate-validator/6.0.14.Final/hibernate-validator-6.0.14.Final.jar:/home/jveland/.m2/repository/org/jboss/logging/jboss-logging/3.3.2.Final/jboss-logging-3.3.2.Final.jar:/home/jveland/.m2/repository/com/fasterxml/classmate/1.4.0/classmate-1.4.0.jar:/home/jveland/.m2/repository/org/springframework/spring-web/5.1.5.RELEASE/spring-web-5.1.5.RELEASE.jar:/home/jveland/.m2/repository/org/springframework/spring-beans/5.1.5.RELEASE/spring-beans-5.1.5.RELEASE.jar:/home/jveland/.m2/repository/org/springframework/spring-webmvc/5.1.5.RELEASE/spring-webmvc-5.1.5.RELEASE.jar:/home/jveland/.m2/repository/org/springframework/spring-aop/5.1.5.RELEASE/spring-aop-5.1.5.RELEASE.jar:/home/jveland/.m2/repository/org/springframework/spring-expression/5.1.5.RELEASE/spring-expression-5.1.5.RELEASE.jar:/home/jveland/.m2/repository/org/springframework/boot/spring-boot-starter-test/2.1.3.RELEASE/spring-boot-starter-test-2.1.3.RELEASE.jar:/home/jveland/.m2/repository/org/springframework/boot/spring-boot-test/2.1.3.RELEASE/spring-boot-test-2.1.3.RELEASE.jar:/home/jveland/.m2/repository/org/springframework/boot/spring-boot-test-autoconfigure/2.1.3.RELEASE/spring-boot-test-autoconfigure-2.1.3.RELEASE.jar:/home/jveland/.m2/repository/com/jayway/jsonpath/json-path/2.4.0/json-path-2.4.0.jar:/home/jveland/.m2/repository/net/minidev/json-smart/2.3/json-smart-2.3.jar:/home/jveland/.m2/repository/net/minidev/accessors-smart/1.2/accessors-smart-1.2.jar:/home/jveland/.m2/repository/org/ow2/asm/asm/5.0.4/asm-5.0.4.jar:/home/jveland/.m2/repository/org/slf4j/slf4j-api/1.7.25/slf4j-api-1.7.25.jar:/home/jveland/.m2/repository/junit/junit/4.12/junit-4.12.jar:/home/jveland/.m2/repository/org/assertj/assertj-core/3.11.1/assertj-core-3.11.1.jar:/home/jveland/.m2/repository/org/mockito/mockito-core/2.23.4/mockito-core-2.23.4.jar:/home/jveland/.m2/repository/net/bytebuddy/byte-buddy/1.9.10/byte-buddy-1.9.10.jar:/home/jveland/.m2/repository/net/bytebuddy/byte-buddy-agent/1.9.10/byte-buddy-agent-1.9.10.jar:/home/jveland/.m2/repository/org/objenesis/objenesis/2.6/objenesis-2.6.jar:/home/jveland/.m2/repository/org/hamcrest/hamcrest-core/1.3/hamcrest-core-1.3.jar:/home/jveland/.m2/repository/org/hamcrest/hamcrest-library/1.3/hamcrest-library-1.3.jar:/home/jveland/.m2/repository/org/skyscreamer/jsonassert/1.5.0/jsonassert-1.5.0.jar:/home/jveland/.m2/repository/com/vaadin/external/google/android-json/0.0.20131108.vaadin1/android-json-0.0.20131108.vaadin1.jar:/home/jveland/.m2/repository/org/springframework/spring-core/5.1.5.RELEASE/spring-core-5.1.5.RELEASE.jar:/home/jveland/.m2/repository/org/springframework/spring-jcl/5.1.5.RELEASE/spring-jcl-5.1.5.RELEASE.jar:/home/jveland/.m2/repository/org/springframework/spring-test/5.1.5.RELEASE/spring-test-5.1.5.RELEASE.jar:/home/jveland/.m2/repository/org/xmlunit/xmlunit-core/2.6.2/xmlunit-core-2.6.2.jar:/home/jveland/.m2/repository/co/com/bancodebogota/utils/encryption-utils/0.0.1.RELEASE/encryption-utils-0.0.1.RELEASE.jar:/home/jveland/.m2/repository/org/springframework/spring-context/5.1.5.RELEASE/spring-context-5.1.5.RELEASE.jar:/home/jveland/.m2/repository/co/com/bancodebogota/utils/logger-utils/0.0.3.RELEASE/logger-utils-0.0.3.RELEASE.jar:/home/jveland/.m2/repository/org/bouncycastle/bcpkix-jdk15on/1.48/bcpkix-jdk15on-1.48.jar:/home/jveland/.m2/repository/co/com/bancodebogota/adpe/utils/bdb-adpe-utils/3.3/bdb-adpe-utils-3.3.jar:/home/jveland/.m2/repository/org/functionaljava/functionaljava/4.2/functionaljava-4.2.jar:/home/jveland/.m2/repository/com/google/code/gson/gson/2.8.5/gson-2.8.5.jar:/home/jveland/.m2/repository/com/itextpdf/itextpdf/5.5.13.1/itextpdf-5.5.13.1.jar:/home/jveland/.m2/repository/com/itextpdf/tool/xmlworker/5.5.10/xmlworker-5.5.10.jar:/home/jveland/.m2/repository/org/apache/poi/poi-ooxml/3.15/poi-ooxml-3.15.jar:/home/jveland/.m2/repository/org/apache/poi/poi/3.15/poi-3.15.jar:/home/jveland/.m2/repository/commons-codec/commons-codec/1.11/commons-codec-1.11.jar:/home/jveland/.m2/repository/org/apache/commons/commons-collections4/4.1/commons-collections4-4.1.jar:/home/jveland/.m2/repository/org/apache/poi/poi-ooxml-schemas/3.15/poi-ooxml-schemas-3.15.jar:/home/jveland/.m2/repository/org/apache/xmlbeans/xmlbeans/2.6.0/xmlbeans-2.6.0.jar:/home/jveland/.m2/repository/stax/stax-api/1.0.1/stax-api-1.0.1.jar:/home/jveland/.m2/repository/com/github/virtuald/curvesapi/1.04/curvesapi-1.04.jar:/home/jveland/.m2/repository/org/apache/poi/poi-scratchpad/3.15/poi-scratchpad-3.15.jar:/home/jveland/.m2/repository/org/apache/pdfbox/pdfbox/2.0.16/pdfbox-2.0.16.jar:/home/jveland/.m2/repository/org/apache/pdfbox/fontbox/2.0.16/fontbox-2.0.16.jar:/home/jveland/.m2/repository/commons-logging/commons-logging/1.2/commons-logging-1.2.jar:/home/jveland/.m2/repository/org/apache/pdfbox/pdfbox-tools/2.0.16/pdfbox-tools-2.0.16.jar:/home/jveland/.m2/repository/org/apache/pdfbox/pdfbox-debugger/2.0.16/pdfbox-debugger-2.0.16.jar:/home/jveland/.m2/repository/net/sf/cssbox/pdf2dom/1.8/pdf2dom-1.8.jar:/home/jveland/.m2/repository/net/sf/cssbox/cssbox/4.15/cssbox-4.15.jar:/home/jveland/.m2/repository/net/sourceforge/nekohtml/nekohtml/1.9.22/nekohtml-1.9.22.jar:/home/jveland/.m2/repository/xerces/xercesImpl/2.12.0/xercesImpl-2.12.0.jar:/home/jveland/.m2/repository/xml-apis/xml-apis/1.4.01/xml-apis-1.4.01.jar:/home/jveland/.m2/repository/net/sf/cssbox/jstyleparser/3.3/jstyleparser-3.3.jar:/home/jveland/.m2/repository/org/antlr/antlr4-runtime/4.5.3/antlr4-runtime-4.5.3.jar:/home/jveland/.m2/repository/org/unbescape/unbescape/1.1.6.RELEASE/unbescape-1.1.6.RELEASE.jar:/home/jveland/.m2/repository/net/mabboud/fontverter/FontVerter/1.2.22/FontVerter-1.2.22.jar:/home/jveland/.m2/repository/org/reflections/reflections/0.9.9/reflections-0.9.9.jar:/home/jveland/.m2/repository/com/google/guava/guava/15.0/guava-15.0.jar:/home/jveland/.m2/repository/org/javassist/javassist/3.18.2-GA/javassist-3.18.2-GA.jar:/home/jveland/.m2/repository/com/google/code/findbugs/annotations/2.0.1/annotations-2.0.1.jar:/home/jveland/.m2/repository/org/apache/commons/commons-lang3/3.8.1/commons-lang3-3.8.1.jar:/home/jveland/.m2/repository/commons-io/commons-io/2.6/commons-io-2.6.jar:/home/jveland/.m2/repository/org/bouncycastle/bcprov-jdk15on/1.56/bcprov-jdk15on-1.56.jar:/home/jveland/.m2/repository/org/apache/ant/ant-commons-net/1.10.6/ant-commons-net-1.10.6.jar:/home/jveland/.m2/repository/org/apache/ant/ant/1.10.6/ant-1.10.6.jar:/home/jveland/.m2/repository/org/apache/ant/ant-launcher/1.10.6/ant-launcher-1.10.6.jar:/home/jveland/.m2/repository/commons-net/commons-net/3.6/commons-net-3.6.jar:/usr/lib/jvm/java-8-oracle/jre/../lib/tools.jar:/home/jveland/.m2/repository/co/com/bancodebogota/adpe/PojoUtils/4.1/PojoUtils-4.1.jar:/home/jveland/.m2/repository/com/fasterxml/jackson/core/jackson-core/2.9.8/jackson-core-2.9.8.jar:/home/jveland/.m2/repository/com/fasterxml/jackson/core/jackson-annotations/2.9.0/jackson-annotations-2.9.0.jar:/home/jveland/.m2/repository/javax/xml/bind/jaxb-api/2.3.1/jaxb-api-2.3.1.jar:/home/jveland/.m2/repository/javax/activation/javax.activation-api/1.2.0/javax.activation-api-1.2.0.jar:/home/jveland/.m2/repository/javax/validation/validation-api/2.0.1.Final/validation-api-2.0.1.Final.jar:/home/jveland/.m2/repository/com/fasterxml/jackson/core/jackson-databind/2.9.8/jackson-databind-2.9.8.jar:/home/jveland/.m2/repository/com/amazonaws/aws-java-sdk-dynamodb/1.11.528/aws-java-sdk-dynamodb-1.11.528.jar:/home/jveland/.m2/repository/com/amazonaws/aws-java-sdk-core/1.11.528/aws-java-sdk-core-1.11.528.jar:/home/jveland/.m2/repository/org/apache/httpcomponents/httpclient/4.5.7/httpclient-4.5.7.jar:/home/jveland/.m2/repository/org/apache/httpcomponents/httpcore/4.4.11/httpcore-4.4.11.jar:/home/jveland/.m2/repository/software/amazon/ion/ion-java/1.0.2/ion-java-1.0.2.jar:/home/jveland/.m2/repository/com/fasterxml/jackson/dataformat/jackson-dataformat-cbor/2.9.8/jackson-dataformat-cbor-2.9.8.jar:/home/jveland/.m2/repository/joda-time/joda-time/2.10.1/joda-time-2.10.1.jar:/home/jveland/.m2/repository/com/amazonaws/jmespath-java/1.11.528/jmespath-java-1.11.528.jar:/home/jveland/.m2/repository/com/googlecode/json-simple/json-simple/1.1.1/json-simple-1.1.1.jar:/home/jveland/.m2/repository/org/json/json/20180813/json-20180813.jar:/home/jveland/.m2/repository/bdb-adpe-aws-utils/bdb-adpe-aws-utils/1.0/bdb-adpe-aws-utils-1.0.jar:/home/jveland/.m2/repository/com/amazonaws/aws-java-sdk-secretsmanager/1.11.528/aws-java-sdk-secretsmanager-1.11.528.jar:/home/jveland/.m2/repository/com/amazonaws/aws-java-sdk-api-gateway/1.11.528/aws-java-sdk-api-gateway-1.11.528.jar:/home/jveland/.m2/repository/com/amazonaws/aws-java-sdk-cognitoidp/1.11.528/aws-java-sdk-cognitoidp-1.11.528.jar:/home/jveland/.m2/repository/com/amazonaws/aws-java-sdk-athena/1.11.528/aws-java-sdk-athena-1.11.528.jar:/home/jveland/.m2/repository/com/amazonaws/aws-java-sdk-sts/1.11.528/aws-java-sdk-sts-1.11.528.jar:/home/jveland/.m2/repository/com/amazonaws/aws-java-sdk-cognitoidentity/1.11.528/aws-java-sdk-cognitoidentity-1.11.528.jar:/home/jveland/.m2/repository/com/amazonaws/aws-java-sdk-sqs/1.11.528/aws-java-sdk-sqs-1.11.528.jar:/home/jveland/.m2/repository/com/amazonaws/aws-java-sdk-sns/1.11.528/aws-java-sdk-sns-1.11.528.jar:/home/jveland/.m2/repository/com/amazonaws/aws-java-sdk-s3/1.11.528/aws-java-sdk-s3-1.11.528.jar:/home/jveland/.m2/repository/com/amazonaws/aws-java-sdk-kms/1.11.528/aws-java-sdk-kms-1.11.528.jar:/home/jveland/.m2/repository/org/projectlombok/lombok/1.18.6/lombok-1.18.6.jar:"/>
    <property name="java.vm.vendor" value="Oracle Corporation"/>
    <property name="sun.arch.data.model" value="64"/>
    <property name="java.vendor.url" value="http://java.oracle.com/"/>
    <property name="user.timezone" value=""/>
    <property name="java.vm.specification.version" value="1.8"/>
    <property name="os.name" value="Linux"/>
    <property name="user.country" value="CO"/>
    <property name="sun.java.launcher" value="SUN_STANDARD"/>
    <property name="sun.boot.library.path" value="/usr/lib/jvm/java-8-oracle/jre/lib/amd64"/>
    <property name="sun.java.command" value="/home/jveland/git/DDTGA-ADPE-AUTH-MANAGER/target/surefire/surefirebooter2744837434135056057.jar /home/jveland/git/DDTGA-ADPE-AUTH-MANAGER/target/surefire 2019-11-08T12-00-46_031-jvmRun1 surefire8487625268291690548tmp surefire_02462969743801063687tmp"/>
    <property name="surefire.test.class.path" value="/home/jveland/git/DDTGA-ADPE-AUTH-MANAGER/target/test-classes:/home/jveland/git/DDTGA-ADPE-AUTH-MANAGER/target/classes:/home/jveland/.m2/repository/org/springframework/boot/spring-boot-starter-web/2.1.3.RELEASE/spring-boot-starter-web-2.1.3.RELEASE.jar:/home/jveland/.m2/repository/org/springframework/boot/spring-boot-starter/2.1.3.RELEASE/spring-boot-starter-2.1.3.RELEASE.jar:/home/jveland/.m2/repository/org/springframework/boot/spring-boot/2.1.3.RELEASE/spring-boot-2.1.3.RELEASE.jar:/home/jveland/.m2/repository/org/springframework/boot/spring-boot-autoconfigure/2.1.3.RELEASE/spring-boot-autoconfigure-2.1.3.RELEASE.jar:/home/jveland/.m2/repository/org/springframework/boot/spring-boot-starter-logging/2.1.3.RELEASE/spring-boot-starter-logging-2.1.3.RELEASE.jar:/home/jveland/.m2/repository/ch/qos/logback/logback-classic/1.2.3/logback-classic-1.2.3.jar:/home/jveland/.m2/repository/ch/qos/logback/logback-core/1.2.3/logback-core-1.2.3.jar:/home/jveland/.m2/repository/org/apache/logging/log4j/log4j-to-slf4j/2.11.2/log4j-to-slf4j-2.11.2.jar:/home/jveland/.m2/repository/org/apache/logging/log4j/log4j-api/2.11.2/log4j-api-2.11.2.jar:/home/jveland/.m2/repository/org/slf4j/jul-to-slf4j/1.7.25/jul-to-slf4j-1.7.25.jar:/home/jveland/.m2/repository/javax/annotation/javax.annotation-api/1.3.2/javax.annotation-api-1.3.2.jar:/home/jveland/.m2/repository/org/yaml/snakeyaml/1.23/snakeyaml-1.23.jar:/home/jveland/.m2/repository/org/springframework/boot/spring-boot-starter-json/2.1.3.RELEASE/spring-boot-starter-json-2.1.3.RELEASE.jar:/home/jveland/.m2/repository/com/fasterxml/jackson/datatype/jackson-datatype-jdk8/2.9.8/jackson-datatype-jdk8-2.9.8.jar:/home/jveland/.m2/repository/com/fasterxml/jackson/datatype/jackson-datatype-jsr310/2.9.8/jackson-datatype-jsr310-2.9.8.jar:/home/jveland/.m2/repository/com/fasterxml/jackson/module/jackson-module-parameter-names/2.9.8/jackson-module-parameter-names-2.9.8.jar:/home/jveland/.m2/repository/org/springframework/boot/spring-boot-starter-tomcat/2.1.3.RELEASE/spring-boot-starter-tomcat-2.1.3.RELEASE.jar:/home/jveland/.m2/repository/org/apache/tomcat/embed/tomcat-embed-core/9.0.16/tomcat-embed-core-9.0.16.jar:/home/jveland/.m2/repository/org/apache/tomcat/embed/tomcat-embed-el/9.0.16/tomcat-embed-el-9.0.16.jar:/home/jveland/.m2/repository/org/apache/tomcat/embed/tomcat-embed-websocket/9.0.16/tomcat-embed-websocket-9.0.16.jar:/home/jveland/.m2/repository/org/hibernate/validator/hibernate-validator/6.0.14.Final/hibernate-validator-6.0.14.Final.jar:/home/jveland/.m2/repository/org/jboss/logging/jboss-logging/3.3.2.Final/jboss-logging-3.3.2.Final.jar:/home/jveland/.m2/repository/com/fasterxml/classmate/1.4.0/classmate-1.4.0.jar:/home/jveland/.m2/repository/org/springframework/spring-web/5.1.5.RELEASE/spring-web-5.1.5.RELEASE.jar:/home/jveland/.m2/repository/org/springframework/spring-beans/5.1.5.RELEASE/spring-beans-5.1.5.RELEASE.jar:/home/jveland/.m2/repository/org/springframework/spring-webmvc/5.1.5.RELEASE/spring-webmvc-5.1.5.RELEASE.jar:/home/jveland/.m2/repository/org/springframework/spring-aop/5.1.5.RELEASE/spring-aop-5.1.5.RELEASE.jar:/home/jveland/.m2/repository/org/springframework/spring-expression/5.1.5.RELEASE/spring-expression-5.1.5.RELEASE.jar:/home/jveland/.m2/repository/org/springframework/boot/spring-boot-starter-test/2.1.3.RELEASE/spring-boot-starter-test-2.1.3.RELEASE.jar:/home/jveland/.m2/repository/org/springframework/boot/spring-boot-test/2.1.3.RELEASE/spring-boot-test-2.1.3.RELEASE.jar:/home/jveland/.m2/repository/org/springframework/boot/spring-boot-test-autoconfigure/2.1.3.RELEASE/spring-boot-test-autoconfigure-2.1.3.RELEASE.jar:/home/jveland/.m2/repository/com/jayway/jsonpath/json-path/2.4.0/json-path-2.4.0.jar:/home/jveland/.m2/repository/net/minidev/json-smart/2.3/json-smart-2.3.jar:/home/jveland/.m2/repository/net/minidev/accessors-smart/1.2/accessors-smart-1.2.jar:/home/jveland/.m2/repository/org/ow2/asm/asm/5.0.4/asm-5.0.4.jar:/home/jveland/.m2/repository/org/slf4j/slf4j-api/1.7.25/slf4j-api-1.7.25.jar:/home/jveland/.m2/repository/junit/junit/4.12/junit-4.12.jar:/home/jveland/.m2/repository/org/assertj/assertj-core/3.11.1/assertj-core-3.11.1.jar:/home/jveland/.m2/repository/org/mockito/mockito-core/2.23.4/mockito-core-2.23.4.jar:/home/jveland/.m2/repository/net/bytebuddy/byte-buddy/1.9.10/byte-buddy-1.9.10.jar:/home/jveland/.m2/repository/net/bytebuddy/byte-buddy-agent/1.9.10/byte-buddy-agent-1.9.10.jar:/home/jveland/.m2/repository/org/objenesis/objenesis/2.6/objenesis-2.6.jar:/home/jveland/.m2/repository/org/hamcrest/hamcrest-core/1.3/hamcrest-core-1.3.jar:/home/jveland/.m2/repository/org/hamcrest/hamcrest-library/1.3/hamcrest-library-1.3.jar:/home/jveland/.m2/repository/org/skyscreamer/jsonassert/1.5.0/jsonassert-1.5.0.jar:/home/jveland/.m2/repository/com/vaadin/external/google/android-json/0.0.20131108.vaadin1/android-json-0.0.20131108.vaadin1.jar:/home/jveland/.m2/repository/org/springframework/spring-core/5.1.5.RELEASE/spring-core-5.1.5.RELEASE.jar:/home/jveland/.m2/repository/org/springframework/spring-jcl/5.1.5.RELEASE/spring-jcl-5.1.5.RELEASE.jar:/home/jveland/.m2/repository/org/springframework/spring-test/5.1.5.RELEASE/spring-test-5.1.5.RELEASE.jar:/home/jveland/.m2/repository/org/xmlunit/xmlunit-core/2.6.2/xmlunit-core-2.6.2.jar:/home/jveland/.m2/repository/co/com/bancodebogota/utils/encryption-utils/0.0.1.RELEASE/encryption-utils-0.0.1.RELEASE.jar:/home/jveland/.m2/repository/org/springframework/spring-context/5.1.5.RELEASE/spring-context-5.1.5.RELEASE.jar:/home/jveland/.m2/repository/co/com/bancodebogota/utils/logger-utils/0.0.3.RELEASE/logger-utils-0.0.3.RELEASE.jar:/home/jveland/.m2/repository/org/bouncycastle/bcpkix-jdk15on/1.48/bcpkix-jdk15on-1.48.jar:/home/jveland/.m2/repository/co/com/bancodebogota/adpe/utils/bdb-adpe-utils/3.3/bdb-adpe-utils-3.3.jar:/home/jveland/.m2/repository/org/functionaljava/functionaljava/4.2/functionaljava-4.2.jar:/home/jveland/.m2/repository/com/google/code/gson/gson/2.8.5/gson-2.8.5.jar:/home/jveland/.m2/repository/com/itextpdf/itextpdf/5.5.13.1/itextpdf-5.5.13.1.jar:/home/jveland/.m2/repository/com/itextpdf/tool/xmlworker/5.5.10/xmlworker-5.5.10.jar:/home/jveland/.m2/repository/org/apache/poi/poi-ooxml/3.15/poi-ooxml-3.15.jar:/home/jveland/.m2/repository/org/apache/poi/poi/3.15/poi-3.15.jar:/home/jveland/.m2/repository/commons-codec/commons-codec/1.11/commons-codec-1.11.jar:/home/jveland/.m2/repository/org/apache/commons/commons-collections4/4.1/commons-collections4-4.1.jar:/home/jveland/.m2/repository/org/apache/poi/poi-ooxml-schemas/3.15/poi-ooxml-schemas-3.15.jar:/home/jveland/.m2/repository/org/apache/xmlbeans/xmlbeans/2.6.0/xmlbeans-2.6.0.jar:/home/jveland/.m2/repository/stax/stax-api/1.0.1/stax-api-1.0.1.jar:/home/jveland/.m2/repository/com/github/virtuald/curvesapi/1.04/curvesapi-1.04.jar:/home/jveland/.m2/repository/org/apache/poi/poi-scratchpad/3.15/poi-scratchpad-3.15.jar:/home/jveland/.m2/repository/org/apache/pdfbox/pdfbox/2.0.16/pdfbox-2.0.16.jar:/home/jveland/.m2/repository/org/apache/pdfbox/fontbox/2.0.16/fontbox-2.0.16.jar:/home/jveland/.m2/repository/commons-logging/commons-logging/1.2/commons-logging-1.2.jar:/home/jveland/.m2/repository/org/apache/pdfbox/pdfbox-tools/2.0.16/pdfbox-tools-2.0.16.jar:/home/jveland/.m2/repository/org/apache/pdfbox/pdfbox-debugger/2.0.16/pdfbox-debugger-2.0.16.jar:/home/jveland/.m2/repository/net/sf/cssbox/pdf2dom/1.8/pdf2dom-1.8.jar:/home/jveland/.m2/repository/net/sf/cssbox/cssbox/4.15/cssbox-4.15.jar:/home/jveland/.m2/repository/net/sourceforge/nekohtml/nekohtml/1.9.22/nekohtml-1.9.22.jar:/home/jveland/.m2/repository/xerces/xercesImpl/2.12.0/xercesImpl-2.12.0.jar:/home/jveland/.m2/repository/xml-apis/xml-apis/1.4.01/xml-apis-1.4.01.jar:/home/jveland/.m2/repository/net/sf/cssbox/jstyleparser/3.3/jstyleparser-3.3.jar:/home/jveland/.m2/repository/org/antlr/antlr4-runtime/4.5.3/antlr4-runtime-4.5.3.jar:/home/jveland/.m2/repository/org/unbescape/unbescape/1.1.6.RELEASE/unbescape-1.1.6.RELEASE.jar:/home/jveland/.m2/repository/net/mabboud/fontverter/FontVerter/1.2.22/FontVerter-1.2.22.jar:/home/jveland/.m2/repository/org/reflections/reflections/0.9.9/reflections-0.9.9.jar:/home/jveland/.m2/repository/com/google/guava/guava/15.0/guava-15.0.jar:/home/jveland/.m2/repository/org/javassist/javassist/3.18.2-GA/javassist-3.18.2-GA.jar:/home/jveland/.m2/repository/com/google/code/findbugs/annotations/2.0.1/annotations-2.0.1.jar:/home/jveland/.m2/repository/org/apache/commons/commons-lang3/3.8.1/commons-lang3-3.8.1.jar:/home/jveland/.m2/repository/commons-io/commons-io/2.6/commons-io-2.6.jar:/home/jveland/.m2/repository/org/bouncycastle/bcprov-jdk15on/1.56/bcprov-jdk15on-1.56.jar:/home/jveland/.m2/repository/org/apache/ant/ant-commons-net/1.10.6/ant-commons-net-1.10.6.jar:/home/jveland/.m2/repository/org/apache/ant/ant/1.10.6/ant-1.10.6.jar:/home/jveland/.m2/repository/org/apache/ant/ant-launcher/1.10.6/ant-launcher-1.10.6.jar:/home/jveland/.m2/repository/commons-net/commons-net/3.6/commons-net-3.6.jar:/usr/lib/jvm/java-8-oracle/jre/../lib/tools.jar:/home/jveland/.m2/repository/co/com/bancodebogota/adpe/PojoUtils/4.1/PojoUtils-4.1.jar:/home/jveland/.m2/repository/com/fasterxml/jackson/core/jackson-core/2.9.8/jackson-core-2.9.8.jar:/home/jveland/.m2/repository/com/fasterxml/jackson/core/jackson-annotations/2.9.0/jackson-annotations-2.9.0.jar:/home/jveland/.m2/repository/javax/xml/bind/jaxb-api/2.3.1/jaxb-api-2.3.1.jar:/home/jveland/.m2/repository/javax/activation/javax.activation-api/1.2.0/javax.activation-api-1.2.0.jar:/home/jveland/.m2/repository/javax/validation/validation-api/2.0.1.Final/validation-api-2.0.1.Final.jar:/home/jveland/.m2/repository/com/fasterxml/jackson/core/jackson-databind/2.9.8/jackson-databind-2.9.8.jar:/home/jveland/.m2/repository/com/amazonaws/aws-java-sdk-dynamodb/1.11.528/aws-java-sdk-dynamodb-1.11.528.jar:/home/jveland/.m2/repository/com/amazonaws/aws-java-sdk-core/1.11.528/aws-java-sdk-core-1.11.528.jar:/home/jveland/.m2/repository/org/apache/httpcomponents/httpclient/4.5.7/httpclient-4.5.7.jar:/home/jveland/.m2/repository/org/apache/httpcomponents/httpcore/4.4.11/httpcore-4.4.11.jar:/home/jveland/.m2/repository/software/amazon/ion/ion-java/1.0.2/ion-java-1.0.2.jar:/home/jveland/.m2/repository/com/fasterxml/jackson/dataformat/jackson-dataformat-cbor/2.9.8/jackson-dataformat-cbor-2.9.8.jar:/home/jveland/.m2/repository/joda-time/joda-time/2.10.1/joda-time-2.10.1.jar:/home/jveland/.m2/repository/com/amazonaws/jmespath-java/1.11.528/jmespath-java-1.11.528.jar:/home/jveland/.m2/repository/com/googlecode/json-simple/json-simple/1.1.1/json-simple-1.1.1.jar:/home/jveland/.m2/repository/org/json/json/20180813/json-20180813.jar:/home/jveland/.m2/repository/bdb-adpe-aws-utils/bdb-adpe-aws-utils/1.0/bdb-adpe-aws-utils-1.0.jar:/home/jveland/.m2/repository/com/amazonaws/aws-java-sdk-secretsmanager/1.11.528/aws-java-sdk-secretsmanager-1.11.528.jar:/home/jveland/.m2/repository/com/amazonaws/aws-java-sdk-api-gateway/1.11.528/aws-java-sdk-api-gateway-1.11.528.jar:/home/jveland/.m2/repository/com/amazonaws/aws-java-sdk-cognitoidp/1.11.528/aws-java-sdk-cognitoidp-1.11.528.jar:/home/jveland/.m2/repository/com/amazonaws/aws-java-sdk-athena/1.11.528/aws-java-sdk-athena-1.11.528.jar:/home/jveland/.m2/repository/com/amazonaws/aws-java-sdk-sts/1.11.528/aws-java-sdk-sts-1.11.528.jar:/home/jveland/.m2/repository/com/amazonaws/aws-java-sdk-cognitoidentity/1.11.528/aws-java-sdk-cognitoidentity-1.11.528.jar:/home/jveland/.m2/repository/com/amazonaws/aws-java-sdk-sqs/1.11.528/aws-java-sdk-sqs-1.11.528.jar:/home/jveland/.m2/repository/com/amazonaws/aws-java-sdk-sns/1.11.528/aws-java-sdk-sns-1.11.528.jar:/home/jveland/.m2/repository/com/amazonaws/aws-java-sdk-s3/1.11.528/aws-java-sdk-s3-1.11.528.jar:/home/jveland/.m2/repository/com/amazonaws/aws-java-sdk-kms/1.11.528/aws-java-sdk-kms-1.11.528.jar:/home/jveland/.m2/repository/org/projectlombok/lombok/1.18.6/lombok-1.18.6.jar:"/>
    <property name="sun.cpu.endian" value="little"/>
    <property name="user.home" value="/home/jveland"/>
    <property name="user.language" value="es"/>
    <property name="java.specification.vendor" value="Oracle Corporation"/>
    <property name="java.home" value="/usr/lib/jvm/java-8-oracle/jre"/>
    <property name="basedir" value="/home/jveland/git/DDTGA-ADPE-AUTH-MANAGER"/>
    <property name="file.separator" value="/"/>
    <property name="line.separator" value="&#10;"/>
    <property name="java.vm.specification.vendor" value="Oracle Corporation"/>
    <property name="java.specification.name" value="Java Platform API Specification"/>
    <property name="java.awt.graphicsenv" value="sun.awt.X11GraphicsEnvironment"/>
    <property name="surefire.real.class.path" value="/home/jveland/git/DDTGA-ADPE-AUTH-MANAGER/target/surefire/surefirebooter2744837434135056057.jar"/>
    <property name="sun.boot.class.path" value="/usr/lib/jvm/java-8-oracle/jre/lib/resources.jar:/usr/lib/jvm/java-8-oracle/jre/lib/rt.jar:/usr/lib/jvm/java-8-oracle/jre/lib/sunrsasign.jar:/usr/lib/jvm/java-8-oracle/jre/lib/jsse.jar:/usr/lib/jvm/java-8-oracle/jre/lib/jce.jar:/usr/lib/jvm/java-8-oracle/jre/lib/charsets.jar:/usr/lib/jvm/java-8-oracle/jre/lib/jfr.jar:/usr/lib/jvm/java-8-oracle/jre/classes"/>
    <property name="sun.management.compiler" value="HotSpot 64-Bit Tiered Compilers"/>
    <property name="java.runtime.version" value="1.8.0_201-b09"/>
    <property name="user.name" value="jveland"/>
    <property name="path.separator" value=":"/>
    <property name="os.version" value="5.3.0-19-generic"/>
    <property name="java.endorsed.dirs" value="/usr/lib/jvm/java-8-oracle/jre/lib/endorsed"/>
    <property name="java.runtime.name" value="Java(TM) SE Runtime Environment"/>
    <property name="file.encoding" value="UTF-8"/>
    <property name="java.vm.name" value="Java HotSpot(TM) 64-Bit Server VM"/>
    <property name="localRepository" value="/home/jveland/.m2/repository"/>
    <property name="java.vendor.url.bug" value="http://bugreport.sun.com/bugreport/"/>
    <property name="java.io.tmpdir" value="/tmp"/>
    <property name="java.version" value="1.8.0_201"/>
    <property name="user.dir" value="/home/jveland/git/DDTGA-ADPE-AUTH-MANAGER"/>
    <property name="os.arch" value="amd64"/>
    <property name="java.vm.specification.name" value="Java Virtual Machine Specification"/>
    <property name="java.awt.printerjob" value="sun.print.PSPrinterJob"/>
    <property name="sun.os.patch.level" value="unknown"/>
    <property name="java.library.path" value="/usr/java/packages/lib/amd64:/usr/lib64:/lib64:/lib:/usr/lib"/>
    <property name="java.vm.info" value="mixed mode"/>
    <property name="java.vendor" value="Oracle Corporation"/>
    <property name="java.vm.version" value="25.201-b09"/>
    <property name="java.ext.dirs" value="/usr/lib/jvm/java-8-oracle/jre/lib/ext:/usr/java/packages/lib/ext"/>
    <property name="sun.io.unicode.encoding" value="UnicodeLittle"/>
    <property name="java.class.version" value="52.0"/>
  </properties>
  <testcase name="testFormat" classname="co.com.bancodebogota.auth.utils.DateUtilsTest" time="0.025"/>
</testsuite>